[2] array_merge(): Expected parameter 1 to be an array, int given in /Users/heechankang/projects/php/programming_inflearn/phpblog/app/providers/route.php on line 5
[2] Invalid argument supplied for foreach() in /Users/heechankang/projects/php/programming_inflearn/phpblog/app/lib/functions.php on line 94
[2] assert(): assert(require_once(dirname(__DIR__) . &quot;/app/providers/$file.php&quot;)) failed in /Users/heechankang/projects/php/programming_inflearn/phpblog/bootstrap/app.php on line 23
[2] array_merge(): Expected parameter 1 to be an array, int given in /Users/heechankang/projects/php/programming_inflearn/phpblog/app/providers/route.php on line 5
[2] Invalid argument supplied for foreach() in /Users/heechankang/projects/php/programming_inflearn/phpblog/app/lib/functions.php on line 94
[2] assert(): assert(require_once(dirname(__DIR__) . &quot;/app/providers/$file.php&quot;)) failed in /Users/heechankang/projects/php/programming_inflearn/phpblog/bootstrap/app.php on line 23
[2] array_merge(): Expected parameter 1 to be an array, int given in /Users/heechankang/projects/php/programming_inflearn/phpblog/app/providers/route.php on line 5
[2] Invalid argument supplied for foreach() in /Users/heechankang/projects/php/programming_inflearn/phpblog/app/lib/functions.php on line 94
[2] assert(): assert(require_once(dirname(__DIR__) . &quot;/app/providers/$file.php&quot;)) failed in /Users/heechankang/projects/php/programming_inflearn/phpblog/bootstrap/app.php on line 23
[2] array_merge(): Expected parameter 1 to be an array, int given in /Users/heechankang/projects/php/programming_inflearn/phpblog/app/providers/route.php on line 5
[2] Invalid argument supplied for foreach() in /Users/heechankang/projects/php/programming_inflearn/phpblog/app/lib/functions.php on line 94
[2] assert(): assert(require_once(dirname(__DIR__) . &quot;/app/providers/$file.php&quot;)) failed in /Users/heechankang/projects/php/programming_inflearn/phpblog/bootstrap/app.php on line 23
[2] array_merge(): Expected parameter 1 to be an array, int given in /Users/heechankang/projects/php/programming_inflearn/phpblog/app/providers/route.php on line 5
[2] Invalid argument supplied for foreach() in /Users/heechankang/projects/php/programming_inflearn/phpblog/app/lib/functions.php on line 94
[2] assert(): assert(require_once(dirname(__DIR__) . &quot;/app/providers/$file.php&quot;)) failed in /Users/heechankang/projects/php/programming_inflearn/phpblog/bootstrap/app.php on line 23
[2] mysqli_stmt_execute() expects parameter 1 to be mysqli_stmt, bool given in /Users/heechankang/projects/php/programming_inflearn/phpblog/app/lib/database.php on line 58
[2] mysqli_stmt_close() expects parameter 1 to be mysqli_stmt, bool given in /Users/heechankang/projects/php/programming_inflearn/phpblog/app/lib/database.php on line 64
[2] mysqli_stmt_execute() expects parameter 1 to be mysqli_stmt, bool given in /Users/heechankang/projects/php/programming_inflearn/phpblog/app/lib/database.php on line 58
[2] mysqli_stmt_close() expects parameter 1 to be mysqli_stmt, bool given in /Users/heechankang/projects/php/programming_inflearn/phpblog/app/lib/database.php on line 64
[2] count(): Parameter must be an array or an object that implements Countable in /Users/heechankang/projects/php/programming_inflearn/phpblog/app/lib/database.php on line 47
[2] array_reduce() expects parameter 1 to be array, int given in /Users/heechankang/projects/php/programming_inflearn/phpblog/app/lib/database.php on line 55
[2] array_values() expects parameter 1 to be array, int given in /Users/heechankang/projects/php/programming_inflearn/phpblog/app/lib/database.php on line 56
[2] Only arrays and Traversables can be unpacked in /Users/heechankang/projects/php/programming_inflearn/phpblog/app/lib/database.php on line 56
[2] mysqli_stmt_bind_param(): Invalid type or no types specified in /Users/heechankang/projects/php/programming_inflearn/phpblog/app/lib/database.php on line 56
[8] Undefined index: username in /Users/heechankang/projects/php/programming_inflearn/phpblog/app/lib/functions.php on line 126
[2] count(): Parameter must be an array or an object that implements Countable in /Users/heechankang/projects/php/programming_inflearn/phpblog/app/lib/database.php on line 47
[2] array_reduce() expects parameter 1 to be array, int given in /Users/heechankang/projects/php/programming_inflearn/phpblog/app/lib/database.php on line 55
[2] array_values() expects parameter 1 to be array, int given in /Users/heechankang/projects/php/programming_inflearn/phpblog/app/lib/database.php on line 56
[2] Only arrays and Traversables can be unpacked in /Users/heechankang/projects/php/programming_inflearn/phpblog/app/lib/database.php on line 56
[2] mysqli_stmt_bind_param(): Invalid type or no types specified in /Users/heechankang/projects/php/programming_inflearn/phpblog/app/lib/database.php on line 56
[8] Undefined index: username in /Users/heechankang/projects/php/programming_inflearn/phpblog/app/lib/functions.php on line 126
[2] count(): Parameter must be an array or an object that implements Countable in /Users/heechankang/projects/php/programming_inflearn/phpblog/app/lib/database.php on line 47
[2] array_reduce() expects parameter 1 to be array, int given in /Users/heechankang/projects/php/programming_inflearn/phpblog/app/lib/database.php on line 55
[2] array_values() expects parameter 1 to be array, int given in /Users/heechankang/projects/php/programming_inflearn/phpblog/app/lib/database.php on line 56
[2] Only arrays and Traversables can be unpacked in /Users/heechankang/projects/php/programming_inflearn/phpblog/app/lib/database.php on line 56
[2] mysqli_stmt_bind_param(): Invalid type or no types specified in /Users/heechankang/projects/php/programming_inflearn/phpblog/app/lib/database.php on line 56
[8] Undefined index: username in /Users/heechankang/projects/php/programming_inflearn/phpblog/app/lib/functions.php on line 126
[2] call_user_func() expects parameter 1 to be a valid callback, function 'showLoginForm' not found or invalid function name in /Users/heechankang/projects/php/programming_inflearn/phpblog/app/lib/functions.php on line 98
[2] call_user_func() expects parameter 1 to be a valid callback, function 'showLoginForm' not found or invalid function name in /Users/heechankang/projects/php/programming_inflearn/phpblog/app/lib/functions.php on line 98
[8] Undefined variable: email in /Users/heechankang/projects/php/programming_inflearn/phpblog/app/controllers/auth.php on line 10
[8] Undefined index: NULL in /Users/heechankang/projects/php/programming_inflearn/phpblog/app/lib/database.php on line 54
[2] mysqli_stmt_bind_param() expects parameter 1 to be mysqli_stmt, bool given in /Users/heechankang/projects/php/programming_inflearn/phpblog/app/lib/database.php on line 56
[2] mysqli_stmt_execute() expects parameter 1 to be mysqli_stmt, bool given in /Users/heechankang/projects/php/programming_inflearn/phpblog/app/lib/database.php on line 58
[2] mysqli_stmt_close() expects parameter 1 to be mysqli_stmt, bool given in /Users/heechankang/projects/php/programming_inflearn/phpblog/app/lib/database.php on line 64
[2] mysqli_stmt_bind_param() expects parameter 1 to be mysqli_stmt, bool given in /Users/heechankang/projects/php/programming_inflearn/phpblog/app/lib/database.php on line 56
[2] mysqli_stmt_execute() expects parameter 1 to be mysqli_stmt, bool given in /Users/heechankang/projects/php/programming_inflearn/phpblog/app/lib/database.php on line 58
[2] mysqli_stmt_close() expects parameter 1 to be mysqli_stmt, bool given in /Users/heechankang/projects/php/programming_inflearn/phpblog/app/lib/database.php on line 64
[2] assert(): assert(require_once(dirname(__DIR__) . &quot;/middlewares/$file.php&quot;)) failed in /Users/heechankang/projects/php/programming_inflearn/phpblog/app/providers/middleware.php on line 10
[8] Undefined variable: email in /Users/heechankang/projects/php/programming_inflearn/phpblog/app/controllers/auth.php on line 10
[8] Undefined index: NULL in /Users/heechankang/projects/php/programming_inflearn/phpblog/app/lib/database.php on line 54
[2] mysqli_stmt_bind_param(): Invalid type or no types specified in /Users/heechankang/projects/php/programming_inflearn/phpblog/app/lib/database.php on line 56
[2] mysqli_stmt_bind_param() expects parameter 1 to be mysqli_stmt, bool given in /Users/heechankang/projects/php/programming_inflearn/phpblog/app/lib/database.php on line 56
[2] mysqli_stmt_execute() expects parameter 1 to be mysqli_stmt, bool given in /Users/heechankang/projects/php/programming_inflearn/phpblog/app/lib/database.php on line 58
[2] mysqli_stmt_close() expects parameter 1 to be mysqli_stmt, bool given in /Users/heechankang/projects/php/programming_inflearn/phpblog/app/lib/database.php on line 64
[8] Undefined variable: email in /Users/heechankang/projects/php/programming_inflearn/phpblog/app/controllers/auth.php on line 10
[8] Undefined index: NULL in /Users/heechankang/projects/php/programming_inflearn/phpblog/app/lib/database.php on line 54
[2] mysqli_stmt_bind_param(): Invalid type or no types specified in /Users/heechankang/projects/php/programming_inflearn/phpblog/app/lib/database.php on line 56
[2] mysqli_stmt_bind_param() expects parameter 1 to be mysqli_stmt, bool given in /Users/heechankang/projects/php/programming_inflearn/phpblog/app/lib/database.php on line 56
[2] mysqli_stmt_execute() expects parameter 1 to be mysqli_stmt, bool given in /Users/heechankang/projects/php/programming_inflearn/phpblog/app/lib/database.php on line 58
[2] mysqli_stmt_close() expects parameter 1 to be mysqli_stmt, bool given in /Users/heechankang/projects/php/programming_inflearn/phpblog/app/lib/database.php on line 64
[8] Undefined variable: email in /Users/heechankang/projects/php/programming_inflearn/phpblog/app/controllers/auth.php on line 10
[8] Undefined index: NULL in /Users/heechankang/projects/php/programming_inflearn/phpblog/app/lib/database.php on line 54
[2] mysqli_stmt_bind_param(): Invalid type or no types specified in /Users/heechankang/projects/php/programming_inflearn/phpblog/app/lib/database.php on line 56
[8] Undefined variable: email in /Users/heechankang/projects/php/programming_inflearn/phpblog/app/controllers/auth.php on line 10
[8] Undefined index: NULL in /Users/heechankang/projects/php/programming_inflearn/phpblog/app/lib/database.php on line 54
[2] mysqli_stmt_bind_param(): Invalid type or no types specified in /Users/heechankang/projects/php/programming_inflearn/phpblog/app/lib/database.php on line 56
[2] assert(): assert(require_once(dirname(__DIR__) . &quot;/app/providers/$file.php&quot;)) failed in /Users/heechankang/projects/php/programming_inflearn/phpblog/bootstrap/app.php on line 23
[2] assert(): assert(require_once(dirname(__DIR__) . &quot;/app/providers/$file.php&quot;)) failed in /Users/heechankang/projects/php/programming_inflearn/phpblog/bootstrap/app.php on line 23
[2] assert(): assert(require_once(dirname(__DIR__) . &quot;/app/providers/$file.php&quot;)) failed in /Users/heechankang/projects/php/programming_inflearn/phpblog/bootstrap/app.php on line 23
[2] assert(): assert(require_once(dirname(__DIR__) . &quot;/app/providers/$file.php&quot;)) failed in /Users/heechankang/projects/php/programming_inflearn/phpblog/bootstrap/app.php on line 23
[2] assert(): assert(require_once(dirname(__DIR__) . &quot;/app/providers/$file.php&quot;)) failed in /Users/heechankang/projects/php/programming_inflearn/phpblog/bootstrap/app.php on line 23
[2] assert(): assert(require_once(dirname(__DIR__) . &quot;/app/providers/$file.php&quot;)) failed in /Users/heechankang/projects/php/programming_inflearn/phpblog/bootstrap/app.php on line 23
[2] assert(): assert(require_once(dirname(__DIR__) . &quot;/app/providers/$file.php&quot;)) failed in /Users/heechankang/projects/php/programming_inflearn/phpblog/bootstrap/app.php on line 23
[2] assert(): assert(require_once(dirname(__DIR__) . &quot;/app/providers/$file.php&quot;)) failed in /Users/heechankang/projects/php/programming_inflearn/phpblog/bootstrap/app.php on line 23
[2] assert(): assert(require_once(dirname(__DIR__) . &quot;/app/providers/$file.php&quot;)) failed in /Users/heechankang/projects/php/programming_inflearn/phpblog/bootstrap/app.php on line 23
[2] assert(): assert(require_once(dirname(__DIR__) . &quot;/app/providers/$file.php&quot;)) failed in /Users/heechankang/projects/php/programming_inflearn/phpblog/bootstrap/app.php on line 23
[2] assert(): assert(require_once(dirname(__DIR__) . &quot;/app/providers/$file.php&quot;)) failed in /Users/heechankang/projects/php/programming_inflearn/phpblog/bootstrap/app.php on line 23
[2] assert(): assert(require_once(dirname(__DIR__) . &quot;/app/providers/$file.php&quot;)) failed in /Users/heechankang/projects/php/programming_inflearn/phpblog/bootstrap/app.php on line 21
[2] assert(): assert(require_once(dirname(__DIR__) . &quot;/app/providers/$file.php&quot;)) failed in /Users/heechankang/projects/php/programming_inflearn/phpblog/bootstrap/app.php on line 21
[8] Undefined variable: email in /Users/heechankang/projects/php/programming_inflearn/phpblog/app/controllers/auth.php on line 10
[8] Undefined index: NULL in /Users/heechankang/projects/php/programming_inflearn/phpblog/app/lib/database.php on line 54
[2] mysqli_stmt_bind_param(): Invalid type or no types specified in /Users/heechankang/projects/php/programming_inflearn/phpblog/app/lib/database.php on line 56
[8] Undefined variable: email in /Users/heechankang/projects/php/programming_inflearn/phpblog/app/controllers/auth.php on line 10
[8] Undefined index: NULL in /Users/heechankang/projects/php/programming_inflearn/phpblog/app/lib/database.php on line 54
[2] mysqli_stmt_bind_param(): Invalid type or no types specified in /Users/heechankang/projects/php/programming_inflearn/phpblog/app/lib/database.php on line 56
[8] Undefined variable: email in /Users/heechankang/projects/php/programming_inflearn/phpblog/app/controllers/auth.php on line 10
[8] Undefined index: NULL in /Users/heechankang/projects/php/programming_inflearn/phpblog/app/lib/database.php on line 54
[2] mysqli_stmt_bind_param(): Invalid type or no types specified in /Users/heechankang/projects/php/programming_inflearn/phpblog/app/lib/database.php on line 56
[8] Undefined variable: email in /Users/heechankang/projects/php/programming_inflearn/phpblog/app/controllers/auth.php on line 10
[8] Undefined index: NULL in /Users/heechankang/projects/php/programming_inflearn/phpblog/app/lib/database.php on line 54
[2] mysqli_stmt_bind_param(): Invalid type or no types specified in /Users/heechankang/projects/php/programming_inflearn/phpblog/app/lib/database.php on line 56
[8] Undefined variable: email in /Users/heechankang/projects/php/programming_inflearn/phpblog/app/controllers/auth.php on line 10
[8] Undefined index: NULL in /Users/heechankang/projects/php/programming_inflearn/phpblog/app/lib/database.php on line 54
[2] mysqli_stmt_bind_param(): Invalid type or no types specified in /Users/heechankang/projects/php/programming_inflearn/phpblog/app/lib/database.php on line 56
[8] Undefined variable: email in /Users/heechankang/projects/php/programming_inflearn/phpblog/app/controllers/auth.php on line 10
[8] Undefined index: NULL in /Users/heechankang/projects/php/programming_inflearn/phpblog/app/lib/database.php on line 54
[2] mysqli_stmt_bind_param(): Invalid type or no types specified in /Users/heechankang/projects/php/programming_inflearn/phpblog/app/lib/database.php on line 56
[8] Undefined variable: email in /Users/heechankang/projects/php/programming_inflearn/phpblog/app/controllers/auth.php on line 10
[8] Undefined index: NULL in /Users/heechankang/projects/php/programming_inflearn/phpblog/app/lib/database.php on line 54
[2] mysqli_stmt_bind_param(): Invalid type or no types specified in /Users/heechankang/projects/php/programming_inflearn/phpblog/app/lib/database.php on line 56
[8] Undefined variable: email in /Users/heechankang/projects/php/programming_inflearn/phpblog/app/controllers/auth.php on line 10
[8] Undefined index: NULL in /Users/heechankang/projects/php/programming_inflearn/phpblog/app/lib/database.php on line 54
[2] mysqli_stmt_bind_param(): Invalid type or no types specified in /Users/heechankang/projects/php/programming_inflearn/phpblog/app/lib/database.php on line 56
[2] assert(): assert(require_once(dirname(__DIR__) . &quot;/app/providers/$file.php&quot;)) failed in /Users/heechankang/projects/php/programming_inflearn/phpblog/bootstrap/app.php on line 21
[2] filter_input_array() expects parameter 1 to be int, array given in /Users/heechankang/projects/php/programming_inflearn/phpblog/app/controllers/post.php on line 14
[8] Undefined variable: createdAt in /Users/heechankang/projects/php/programming_inflearn/phpblog/resources/views/read.php on line 8
[2] filter_input_array() expects parameter 1 to be int, array given in /Users/heechankang/projects/php/programming_inflearn/phpblog/app/controllers/post.php on line 14
[8] Undefined variable: createdAt in /Users/heechankang/projects/php/programming_inflearn/phpblog/resources/views/read.php on line 8
[2] filter_input_array() expects parameter 1 to be int, array given in /Users/heechankang/projects/php/programming_inflearn/phpblog/app/controllers/post.php on line 14
[8] Undefined variable: createdAt in /Users/heechankang/projects/php/programming_inflearn/phpblog/resources/views/read.php on line 8
[8] Undefined variable: createdAt in /Users/heechankang/projects/php/programming_inflearn/phpblog/resources/views/read.php on line 8
[8] Undefined variable: createdAt in /Users/heechankang/projects/php/programming_inflearn/phpblog/resources/views/read.php on line 8
[8] Undefined variable: email in /Users/heechankang/projects/php/programming_inflearn/phpblog/app/controllers/auth.php on line 10
[8] Undefined index: NULL in /Users/heechankang/projects/php/programming_inflearn/phpblog/app/lib/database.php on line 54
[2] mysqli_stmt_bind_param(): Invalid type or no types specified in /Users/heechankang/projects/php/programming_inflearn/phpblog/app/lib/database.php on line 56
[2] hash_equals(): Expected known_string to be a string, null given in /Users/heechankang/projects/php/programming_inflearn/phpblog/app/lib/functions.php on line 65
[2] assert(): assert(require_once(dirname(__DIR__) . &quot;/middlewares/$file.php&quot;)) failed in /Users/heechankang/projects/php/programming_inflearn/phpblog/app/providers/middleware.php on line 10
[8] Undefined variable: id in /Users/heechankang/projects/php/programming_inflearn/phpblog/app/controllers/post.php on line 32
[8] Undefined index: NULL in /Users/heechankang/projects/php/programming_inflearn/phpblog/app/lib/database.php on line 54
[2] mysqli_stmt_bind_param(): Invalid type or no types specified in /Users/heechankang/projects/php/programming_inflearn/phpblog/app/lib/database.php on line 56
[8] Undefined index: user_id in /Users/heechankang/projects/php/programming_inflearn/phpblog/app/lib/functions.php on line 44
[8] Undefined variable: id in /Users/heechankang/projects/php/programming_inflearn/phpblog/app/controllers/post.php on line 32
[8] Undefined index: NULL in /Users/heechankang/projects/php/programming_inflearn/phpblog/app/lib/database.php on line 54
[2] mysqli_stmt_bind_param(): Invalid type or no types specified in /Users/heechankang/projects/php/programming_inflearn/phpblog/app/lib/database.php on line 56
[8] Undefined index: user_id in /Users/heechankang/projects/php/programming_inflearn/phpblog/app/lib/functions.php on line 44
[8] Undefined index: id in /Users/heechankang/projects/php/programming_inflearn/phpblog/app/controllers/post.php on line 41
[8] Undefined index: id in /Users/heechankang/projects/php/programming_inflearn/phpblog/app/controllers/post.php on line 42
[8] Undefined index: NULL in /Users/heechankang/projects/php/programming_inflearn/phpblog/app/lib/database.php on line 54
[2] mysqli_stmt_bind_param(): Invalid type or no types specified in /Users/heechankang/projects/php/programming_inflearn/phpblog/app/lib/database.php on line 56
[8] Undefined index: user_id in /Users/heechankang/projects/php/programming_inflearn/phpblog/app/lib/functions.php on line 44
[8] Undefined index: id in /Users/heechankang/projects/php/programming_inflearn/phpblog/app/controllers/post.php on line 41
[8] Undefined index: id in /Users/heechankang/projects/php/programming_inflearn/phpblog/app/controllers/post.php on line 42
[8] Undefined index: NULL in /Users/heechankang/projects/php/programming_inflearn/phpblog/app/lib/database.php on line 54
[2] mysqli_stmt_bind_param(): Invalid type or no types specified in /Users/heechankang/projects/php/programming_inflearn/phpblog/app/lib/database.php on line 56
[8] Undefined index: user_id in /Users/heechankang/projects/php/programming_inflearn/phpblog/app/lib/functions.php on line 44
[8] Undefined index: id in /Users/heechankang/projects/php/programming_inflearn/phpblog/app/controllers/post.php on line 41
[8] Undefined index: id in /Users/heechankang/projects/php/programming_inflearn/phpblog/app/controllers/post.php on line 42
[8] Undefined index: NULL in /Users/heechankang/projects/php/programming_inflearn/phpblog/app/lib/database.php on line 54
[2] mysqli_stmt_bind_param(): Invalid type or no types specified in /Users/heechankang/projects/php/programming_inflearn/phpblog/app/lib/database.php on line 56
[8] Undefined index: user_id in /Users/heechankang/projects/php/programming_inflearn/phpblog/app/lib/functions.php on line 44
[8] Undefined index: id in /Users/heechankang/projects/php/programming_inflearn/phpblog/app/controllers/post.php on line 41
[8] Undefined index: id in /Users/heechankang/projects/php/programming_inflearn/phpblog/app/controllers/post.php on line 42
[8] Undefined index: NULL in /Users/heechankang/projects/php/programming_inflearn/phpblog/app/lib/database.php on line 54
[2] mysqli_stmt_bind_param(): Invalid type or no types specified in /Users/heechankang/projects/php/programming_inflearn/phpblog/app/lib/database.php on line 56
[8] Undefined index: user_id in /Users/heechankang/projects/php/programming_inflearn/phpblog/app/lib/functions.php on line 44
[8] Undefined index: id in /Users/heechankang/projects/php/programming_inflearn/phpblog/app/controllers/post.php on line 41
[8] Undefined index: id in /Users/heechankang/projects/php/programming_inflearn/phpblog/app/controllers/post.php on line 42
[8] Undefined index: NULL in /Users/heechankang/projects/php/programming_inflearn/phpblog/app/lib/database.php on line 54
[2] mysqli_stmt_bind_param(): Invalid type or no types specified in /Users/heechankang/projects/php/programming_inflearn/phpblog/app/lib/database.php on line 56
[8] Undefined index: user_id in /Users/heechankang/projects/php/programming_inflearn/phpblog/app/lib/functions.php on line 44
[8] Undefined variable: email in /Users/heechankang/projects/php/programming_inflearn/phpblog/app/controllers/auth.php on line 10
[8] Undefined index: NULL in /Users/heechankang/projects/php/programming_inflearn/phpblog/app/lib/database.php on line 54
[2] mysqli_stmt_bind_param(): Invalid type or no types specified in /Users/heechankang/projects/php/programming_inflearn/phpblog/app/lib/database.php on line 56
[8] Undefined variable: email in /Users/heechankang/projects/php/programming_inflearn/phpblog/app/controllers/auth.php on line 10
[8] Undefined index: NULL in /Users/heechankang/projects/php/programming_inflearn/phpblog/app/lib/database.php on line 54
[2] mysqli_stmt_bind_param(): Invalid type or no types specified in /Users/heechankang/projects/php/programming_inflearn/phpblog/app/lib/database.php on line 56
[8] Undefined variable: email in /Users/heechankang/projects/php/programming_inflearn/phpblog/app/controllers/auth.php on line 10
[8] Undefined index: NULL in /Users/heechankang/projects/php/programming_inflearn/phpblog/app/lib/database.php on line 54
[2] mysqli_stmt_bind_param(): Invalid type or no types specified in /Users/heechankang/projects/php/programming_inflearn/phpblog/app/lib/database.php on line 56
[8] Undefined variable: pathParts in /Users/heechankang/projects/php/programming_inflearn/phpblog/app/services/image.php on line 5
[8] Trying to access array offset on value of type null in /Users/heechankang/projects/php/programming_inflearn/phpblog/app/services/image.php on line 5
